<?xml version="1.0" encoding="UTF-8"?>
<!-- Generated by org.testng.reporters.JUnitReportReporter -->
<testsuite hostname="DESKTOP-E9SKAKK" failures="0" tests="3" name="com.seleniumdemo.GoogleTest" time="4.282" errors="0" timestamp="2025-10-13T15:37:34 IST" skipped="0">
  <testcase classname="com.seleniumdemo.GoogleTest" name="openGoogle" time="1.463"/>
  <testcase classname="com.seleniumdemo.GoogleTest" name="openGoogle" time="1.413"/>
  <testcase classname="com.seleniumdemo.GoogleTest" name="openGoogle" time="1.406"/>
</testsuite> <!-- com.seleniumdemo.GoogleTest -->
